  Window.cpp
c:\users\thoma\documents\ucsd\junior\spring\cse167\procgen\procgen\window.cpp(234): warning C4244: 'initializing': conversion from 'double' to 'float', possible loss of data
c:\users\thoma\documents\ucsd\junior\spring\cse167\procgen\procgen\window.cpp(235): warning C4244: 'initializing': conversion from 'double' to 'float', possible loss of data
c:\users\thoma\documents\ucsd\junior\spring\cse167\procgen\procgen\window.cpp(243): warning C4244: 'initializing': conversion from 'double' to 'float', possible loss of data
c:\users\thoma\documents\ucsd\junior\spring\cse167\procgen\procgen\window.cpp(244): warning C4244: 'initializing': conversion from 'double' to 'float', possible loss of data
  Texture.cpp
  Terrain.cpp
c:\users\thoma\documents\ucsd\junior\spring\cse167\procgen\procgen\terrain.cpp(16): warning C4244: '=': conversion from 'unsigned __int64' to 'float', possible loss of data
c:\users\thoma\documents\ucsd\junior\spring\cse167\procgen\procgen\terrain.cpp(17): warning C4244: '=': conversion from 'unsigned __int64' to 'float', possible loss of data
c:\users\thoma\documents\ucsd\junior\spring\cse167\procgen\procgen\terrain.cpp(18): warning C4244: '=': conversion from 'unsigned __int64' to 'float', possible loss of data
c:\users\thoma\documents\ucsd\junior\spring\cse167\procgen\procgen\terrain.cpp(19): warning C4244: '=': conversion from 'unsigned __int64' to 'float', possible loss of data
c:\users\thoma\documents\ucsd\junior\spring\cse167\procgen\procgen\terrain.cpp(276): warning C4267: 'argument': conversion from 'size_t' to 'GLsizei', possible loss of data
  Skybox.cpp
  Object.cpp
  main.cpp
  Building.cpp
c:\users\thoma\documents\ucsd\junior\spring\cse167\procgen\procgen\building.cpp(517): warning C4267: 'argument': conversion from 'size_t' to 'GLsizei', possible loss of data
  Generating Code...
  LINK : C:\Users\thoma\Documents\UCSD\Junior\Spring\CSE167\ProcGen\x64\Debug\ProcGen.exe not found or not built by the last incremental link; performing full link
  ProcGen.vcxproj -> C:\Users\thoma\Documents\UCSD\Junior\Spring\CSE167\ProcGen\x64\Debug\ProcGen.exe
  ProcGen.vcxproj -> C:\Users\thoma\Documents\UCSD\Junior\Spring\CSE167\ProcGen\x64\Debug\ProcGen.pdb (Partial PDB)
